
*** Running vivado
    with args -log task2.vds -m64 -product Vivado -mode batch -messageDb vivado.pb -notrace -source task2.tcl


****** Vivado v2022.2 (64-bit)
  **** SW Build 3671981 on Fri Oct 14 04:59:54 MDT 2022
  **** IP Build 3669848 on Fri Oct 14 08:30:02 MDT 2022
    ** Copyright 1986-2022 Xilinx, Inc. All Rights Reserved.

source task2.tcl -notrace
Command: read_checkpoint -auto_incremental -incremental {/run/media/nicolas/Coisas/Work/mestrado/design_of_digital_systems/dds-group10/assignment 4/project_1/project_1.srcs/utils_1/imports/synth_1/latch.dcp}
INFO: [Vivado 12-5825] Read reference checkpoint from /run/media/nicolas/Coisas/Work/mestrado/design_of_digital_systems/dds-group10/assignment 4/project_1/project_1.srcs/utils_1/imports/synth_1/latch.dcp for incremental synthesis
INFO: [Vivado 12-7989] Please ensure there are no constraint changes
Command: synth_design -top task2 -part xc7z020clg400-1
Starting synth_design
Attempting to get a license for feature 'Synthesis' and/or device 'xc7z020'
INFO: [Common 17-349] Got license for feature 'Synthesis' and/or device 'xc7z020'
INFO: [Designutils 20-5440] No compile time benefit to using incremental synthesis; A full resynthesis will be run
INFO: [Designutils 20-4379] Flow is switching to default flow due to incremental criteria not met. If you would like to alter this behaviour and have the flow terminate instead, please set the following parameter config_implementation {autoIncr.Synth.RejectBehavior Terminate}
INFO: [Synth 8-7079] Multithreading enabled for synth_design using a maximum of 4 processes.
INFO: [Synth 8-7078] Launching helper process for spawning children vivado processes
INFO: [Synth 8-7075] Helper process launched with PID 30970
INFO: [Synth 8-11241] undeclared symbol 'REGCCE', assumed default net type 'wire' [/run/media/nicolas/Coisas/Software/Xilinx/Vivado/2022.2/data/verilog/src/unimacro/BRAM_SINGLE_MACRO.v:2170]
---------------------------------------------------------------------------------
Starting Synthesize : Time (s): cpu = 00:00:02 ; elapsed = 00:00:03 . Memory (MB): peak = 1644.227 ; gain = 323.832 ; free physical = 46252 ; free virtual = 69682
Synthesis current peak Physical Memory [PSS] (MB): peak = 1073.648; parent = 864.067; children = 209.581
Synthesis current peak Virtual Memory [VSS] (MB): peak = 2612.184; parent = 1644.230; children = 967.953
---------------------------------------------------------------------------------
INFO: [Synth 8-638] synthesizing module 'task2' [/run/media/nicolas/Coisas/Work/mestrado/design_of_digital_systems/dds-group10/assignment 4/project_1/project_1.srcs/sources_1/new/task2.vhd:12]
WARNING: [Synth 8-614] signal 'a' is read in the process but is not in the sensitivity list [/run/media/nicolas/Coisas/Work/mestrado/design_of_digital_systems/dds-group10/assignment 4/project_1/project_1.srcs/sources_1/new/task2.vhd:14]
WARNING: [Synth 8-614] signal 'b' is read in the process but is not in the sensitivity list [/run/media/nicolas/Coisas/Work/mestrado/design_of_digital_systems/dds-group10/assignment 4/project_1/project_1.srcs/sources_1/new/task2.vhd:14]
INFO: [Synth 8-256] done synthesizing module 'task2' (0#1) [/run/media/nicolas/Coisas/Work/mestrado/design_of_digital_systems/dds-group10/assignment 4/project_1/project_1.srcs/sources_1/new/task2.vhd:12]
---------------------------------------------------------------------------------
Finished Synthesize : Time (s): cpu = 00:00:03 ; elapsed = 00:00:04 . Memory (MB): peak = 1713.195 ; gain = 392.801 ; free physical = 46330 ; free virtual = 69761
Synthesis current peak Physical Memory [PSS] (MB): peak = 1073.648; parent = 864.067; children = 209.581
Synthesis current peak Virtual Memory [VSS] (MB): peak = 2681.152; parent = 1713.199; children = 967.953
---------------------------------------------------------------------------------
---------------------------------------------------------------------------------
Finished Constraint Validation : Time (s): cpu = 00:00:04 ; elapsed = 00:00:04 . Memory (MB): peak = 1728.039 ; gain = 407.645 ; free physical = 46316 ; free virtual = 69746
Synthesis current peak Physical Memory [PSS] (MB): peak = 1073.648; parent = 864.067; children = 209.581
Synthesis current peak Virtual Memory [VSS] (MB): peak = 2695.996; parent = 1728.043; children = 967.953
---------------------------------------------------------------------------------
---------------------------------------------------------------------------------
Start Loading Part and Timing Information
---------------------------------------------------------------------------------
Loading part: xc7z020clg400-1
---------------------------------------------------------------------------------
Finished Loading Part and Timing Information : Time (s): cpu = 00:00:04 ; elapsed = 00:00:04 . Memory (MB): peak = 1736.043 ; gain = 415.648 ; free physical = 46316 ; free virtual = 69746
INFO: [Device 21-403] Loading part xc7z020clg400-1
Synthesis current peak Physical Memory [PSS] (MB): peak = 1073.648; parent = 864.067; children = 209.581
Synthesis current peak Virtual Memory [VSS] (MB): peak = 2704.000; parent = 1736.047; children = 967.953
---------------------------------------------------------------------------------
---------------------------------------------------------------------------------
Finished RTL Optimization Phase 2 : Time (s): cpu = 00:00:04 ; elapsed = 00:00:04 . Memory (MB): peak = 1736.043 ; gain = 415.648 ; free physical = 46311 ; free virtual = 69742
Synthesis current peak Physical Memory [PSS] (MB): peak = 1073.648; parent = 864.067; children = 209.581
Synthesis current peak Virtual Memory [VSS] (MB): peak = 2704.000; parent = 1736.047; children = 967.953
---------------------------------------------------------------------------------
No constraint files found.
---------------------------------------------------------------------------------
Start RTL Component Statistics 
---------------------------------------------------------------------------------
Detailed RTL Component Info : 
+---XORs : 
	   2 Input      1 Bit         XORs := 1     
+---Registers : 
	                1 Bit    Registers := 2     
---------------------------------------------------------------------------------
Finished RTL Component Statistics 
---------------------------------------------------------------------------------
---------------------------------------------------------------------------------
Start Part Resource Summary
---------------------------------------------------------------------------------
Part Resources:
DSPs: 220 (col length:60)
BRAMs: 280 (col length: RAMB18 60 RAMB36 30)
---------------------------------------------------------------------------------
Finished Part Resource Summary
---------------------------------------------------------------------------------
No constraint files found.
---------------------------------------------------------------------------------
Start Cross Boundary and Area Optimization
---------------------------------------------------------------------------------
WARNING: [Synth 8-7080] Parallel synthesis criteria is not met
---------------------------------------------------------------------------------
Finished Cross Boundary and Area Optimization : Time (s): cpu = 00:00:07 ; elapsed = 00:00:07 . Memory (MB): peak = 1881.137 ; gain = 560.742 ; free physical = 46011 ; free virtual = 69443
Synthesis current peak Physical Memory [PSS] (MB): peak = 1303.803; parent = 1094.253; children = 209.581
Synthesis current peak Virtual Memory [VSS] (MB): peak = 2849.094; parent = 1881.141; children = 967.953
---------------------------------------------------------------------------------
No constraint files found.
---------------------------------------------------------------------------------
Start Timing Optimization
---------------------------------------------------------------------------------
---------------------------------------------------------------------------------
Finished Timing Optimization : Time (s): cpu = 00:00:07 ; elapsed = 00:00:07 . Memory (MB): peak = 1881.137 ; gain = 560.742 ; free physical = 46007 ; free virtual = 69440
Synthesis current peak Physical Memory [PSS] (MB): peak = 1308.850; parent = 1099.300; children = 209.581
Synthesis current peak Virtual Memory [VSS] (MB): peak = 2849.094; parent = 1881.141; children = 967.953
---------------------------------------------------------------------------------
---------------------------------------------------------------------------------
Start Technology Mapping
---------------------------------------------------------------------------------
---------------------------------------------------------------------------------
Finished Technology Mapping : Time (s): cpu = 00:00:07 ; elapsed = 00:00:07 . Memory (MB): peak = 1889.145 ; gain = 568.750 ; free physical = 46004 ; free virtual = 69436
Synthesis current peak Physical Memory [PSS] (MB): peak = 1308.850; parent = 1099.300; children = 209.581
Synthesis current peak Virtual Memory [VSS] (MB): peak = 2857.102; parent = 1889.148; children = 967.953
---------------------------------------------------------------------------------
---------------------------------------------------------------------------------
Start IO Insertion
---------------------------------------------------------------------------------
---------------------------------------------------------------------------------
Start Flattening Before IO Insertion
---------------------------------------------------------------------------------
---------------------------------------------------------------------------------
Finished Flattening Before IO Insertion
---------------------------------------------------------------------------------
---------------------------------------------------------------------------------
Start Final Netlist Cleanup
---------------------------------------------------------------------------------
---------------------------------------------------------------------------------
Finished Final Netlist Cleanup
---------------------------------------------------------------------------------
---------------------------------------------------------------------------------
Finished IO Insertion : Time (s): cpu = 00:00:09 ; elapsed = 00:00:10 . Memory (MB): peak = 1889.145 ; gain = 568.750 ; free physical = 46007 ; free virtual = 69439
Synthesis current peak Physical Memory [PSS] (MB): peak = 1308.850; parent = 1099.300; children = 209.581
Synthesis current peak Virtual Memory [VSS] (MB): peak = 2857.102; parent = 1889.148; children = 967.953
---------------------------------------------------------------------------------
---------------------------------------------------------------------------------
Start Renaming Generated Instances
---------------------------------------------------------------------------------
---------------------------------------------------------------------------------
Finished Renaming Generated Instances : Time (s): cpu = 00:00:09 ; elapsed = 00:00:10 . Memory (MB): peak = 1889.145 ; gain = 568.750 ; free physical = 46007 ; free virtual = 69439
Synthesis current peak Physical Memory [PSS] (MB): peak = 1308.850; parent = 1099.300; children = 209.581
Synthesis current peak Virtual Memory [VSS] (MB): peak = 2857.102; parent = 1889.148; children = 967.953
---------------------------------------------------------------------------------
CRITICAL WARNING: [Synth 8-6859] multi-driven net on pin y_OBUF with 1st driver pin 'y_OBUF_inst_i_1/O' [/run/media/nicolas/Coisas/Work/mestrado/design_of_digital_systems/dds-group10/assignment 4/project_1/project_1.srcs/sources_1/new/task2.vhd:16]
CRITICAL WARNING: [Synth 8-6859] multi-driven net on pin y_OBUF with 2nd driver pin 'y_reg/Q' [/run/media/nicolas/Coisas/Work/mestrado/design_of_digital_systems/dds-group10/assignment 4/project_1/project_1.srcs/sources_1/new/task2.vhd:24]

Report Check Netlist: 
+------+------------------+-------+---------+-------+------------------+
|      |Item              |Errors |Warnings |Status |Description       |
+------+------------------+-------+---------+-------+------------------+
|1     |multi_driven_nets |      0|        1|Failed |Multi driven nets |
+------+------------------+-------+---------+-------+------------------+
---------------------------------------------------------------------------------
Start Rebuilding User Hierarchy
---------------------------------------------------------------------------------
---------------------------------------------------------------------------------
Finished Rebuilding User Hierarchy : Time (s): cpu = 00:00:09 ; elapsed = 00:00:10 . Memory (MB): peak = 1889.145 ; gain = 568.750 ; free physical = 46007 ; free virtual = 69439
Synthesis current peak Physical Memory [PSS] (MB): peak = 1308.850; parent = 1099.300; children = 209.581
Synthesis current peak Virtual Memory [VSS] (MB): peak = 2857.102; parent = 1889.148; children = 967.953
---------------------------------------------------------------------------------
---------------------------------------------------------------------------------
Start Renaming Generated Ports
---------------------------------------------------------------------------------
---------------------------------------------------------------------------------
Finished Renaming Generated Ports : Time (s): cpu = 00:00:09 ; elapsed = 00:00:10 . Memory (MB): peak = 1889.145 ; gain = 568.750 ; free physical = 46007 ; free virtual = 69439
Synthesis current peak Physical Memory [PSS] (MB): peak = 1308.850; parent = 1099.300; children = 209.581
Synthesis current peak Virtual Memory [VSS] (MB): peak = 2857.102; parent = 1889.148; children = 967.953
---------------------------------------------------------------------------------
---------------------------------------------------------------------------------
Start Handling Custom Attributes
---------------------------------------------------------------------------------
---------------------------------------------------------------------------------
Finished Handling Custom Attributes : Time (s): cpu = 00:00:09 ; elapsed = 00:00:10 . Memory (MB): peak = 1889.145 ; gain = 568.750 ; free physical = 46007 ; free virtual = 69439
Synthesis current peak Physical Memory [PSS] (MB): peak = 1308.850; parent = 1099.300; children = 209.581
Synthesis current peak Virtual Memory [VSS] (MB): peak = 2857.102; parent = 1889.148; children = 967.953
---------------------------------------------------------------------------------
---------------------------------------------------------------------------------
Start Renaming Generated Nets
---------------------------------------------------------------------------------
---------------------------------------------------------------------------------
Finished Renaming Generated Nets : Time (s): cpu = 00:00:09 ; elapsed = 00:00:10 . Memory (MB): peak = 1889.145 ; gain = 568.750 ; free physical = 46007 ; free virtual = 69439
Synthesis current peak Physical Memory [PSS] (MB): peak = 1308.850; parent = 1099.300; children = 209.581
Synthesis current peak Virtual Memory [VSS] (MB): peak = 2857.102; parent = 1889.148; children = 967.953
---------------------------------------------------------------------------------
---------------------------------------------------------------------------------
Start Writing Synthesis Report
---------------------------------------------------------------------------------

Report BlackBoxes: 
+-+--------------+----------+
| |BlackBox name |Instances |
+-+--------------+----------+
+-+--------------+----------+

Report Cell Usage: 
+------+-----+------+
|      |Cell |Count |
+------+-----+------+
|1     |BUFG |     1|
|2     |LUT2 |     1|
|3     |FDCE |     2|
|4     |IBUF |     4|
|5     |OBUF |     1|
+------+-----+------+

Report Instance Areas: 
+------+---------+-------+------+
|      |Instance |Module |Cells |
+------+---------+-------+------+
|1     |top      |       |     9|
+------+---------+-------+------+
---------------------------------------------------------------------------------
Finished Writing Synthesis Report : Time (s): cpu = 00:00:09 ; elapsed = 00:00:10 . Memory (MB): peak = 1889.145 ; gain = 568.750 ; free physical = 46007 ; free virtual = 69439
Synthesis current peak Physical Memory [PSS] (MB): peak = 1308.850; parent = 1099.300; children = 209.581
Synthesis current peak Virtual Memory [VSS] (MB): peak = 2857.102; parent = 1889.148; children = 967.953
---------------------------------------------------------------------------------
Synthesis finished with 0 errors, 2 critical warnings and 3 warnings.
Synthesis Optimization Runtime : Time (s): cpu = 00:00:09 ; elapsed = 00:00:10 . Memory (MB): peak = 1889.145 ; gain = 568.750 ; free physical = 46011 ; free virtual = 69443
Synthesis Optimization Complete : Time (s): cpu = 00:00:09 ; elapsed = 00:00:10 . Memory (MB): peak = 1889.152 ; gain = 568.750 ; free physical = 46011 ; free virtual = 69443
INFO: [Project 1-571] Translating synthesized netlist
Netlist sorting complete. Time (s): cpu = 00:00:00 ; elapsed = 00:00:00 . Memory (MB): peak = 1895.082 ; gain = 0.000 ; free physical = 46129 ; free virtual = 69562
INFO: [Project 1-570] Preparing netlist for logic optimization
INFO: [Opt 31-138] Pushed 0 inverter(s) to 0 load pin(s).
Netlist sorting complete. Time (s): cpu = 00:00:00 ; elapsed = 00:00:00 . Memory (MB): peak = 1974.738 ; gain = 0.000 ; free physical = 46037 ; free virtual = 69469
INFO: [Project 1-111] Unisim Transformation Summary:
No Unisim elements were transformed.

Synth Design complete, checksum: 17b23368
INFO: [Common 17-83] Releasing license: Synthesis
17 Infos, 3 Warnings, 2 Critical Warnings and 0 Errors encountered.
synth_design completed successfully
synth_design: Time (s): cpu = 00:00:12 ; elapsed = 00:00:11 . Memory (MB): peak = 1974.738 ; gain = 654.344 ; free physical = 46239 ; free virtual = 69671
INFO: [runtcl-6] Synthesis results are not added to the cache due to CRITICAL_WARNING
INFO: [Common 17-1381] The checkpoint '/run/media/nicolas/Coisas/Work/mestrado/design_of_digital_systems/dds-group10/assignment 4/project_1/project_1.runs/synth_1/task2.dcp' has been generated.
INFO: [runtcl-4] Executing : report_utilization -file task2_utilization_synth.rpt -pb task2_utilization_synth.pb
INFO: [Common 17-206] Exiting Vivado at Fri Sep 15 13:29:56 2023...
